<?xml version="1.0" encoding="UTF-8"?>
<!-- Generated by org.testng.reporters.JUnitReportReporter -->
<testsuite hostname="Saumitras-MacBook-Air.local" failures="0" tests="7" name="com.dsportal.dsalgo.testRunner.testRunnerTestNG$TestNGTestRunner" time="13.615" errors="0" timestamp="2024-04-01T17:52:17 EDT" skipped="0">
  <testcase classname="com.dsportal.dsalgo.testRunner.testRunnerTestNG$TestNGTestRunner" name="runScenario" time="1.902"/>
  <testcase classname="com.dsportal.dsalgo.testRunner.testRunnerTestNG$TestNGTestRunner" name="runScenario" time="1.747"/>
  <testcase classname="com.dsportal.dsalgo.testRunner.testRunnerTestNG$TestNGTestRunner" name="runScenario" time="1.918"/>
  <testcase classname="com.dsportal.dsalgo.testRunner.testRunnerTestNG$TestNGTestRunner" name="runScenario" time="2.172"/>
  <testcase classname="com.dsportal.dsalgo.testRunner.testRunnerTestNG$TestNGTestRunner" name="runScenario" time="1.930"/>
  <testcase classname="com.dsportal.dsalgo.testRunner.testRunnerTestNG$TestNGTestRunner" name="runScenario" time="2.132"/>
  <testcase classname="com.dsportal.dsalgo.testRunner.testRunnerTestNG$TestNGTestRunner" name="runScenario" time="1.814"/>
</testsuite> <!-- com.dsportal.dsalgo.testRunner.testRunnerTestNG$TestNGTestRunner -->
