<?xml version="1.0" encoding="UTF-8"?>
<!-- Generated by org.testng.reporters.JUnitReportReporter -->
<testsuite hostname="Sudha" failures="0" tests="1" name="com.dsportalapp.dsalgo.testRunner.testRunnerTestNG$TestNGTestRunner" time="7.917" errors="0" timestamp="2024-03-26T18:06:13 EDT" skipped="0">
  <testcase classname="com.dsportalapp.dsalgo.testRunner.testRunnerTestNG$TestNGTestRunner" name="runScenario" time="7.917"/>
</testsuite> <!-- com.dsportalapp.dsalgo.testRunner.testRunnerTestNG$TestNGTestRunner -->
