<?xml version="1.0" encoding="UTF-8"?>
<!-- Generated by org.testng.reporters.JUnitReportReporter -->
<testsuite hostname="DESKTOP-1VET1AQ" failures="0" tests="8" name="com.dsportalapp.dsalgo.testRunner.testRunnerTestNG$TestNGTestRunner" time="0.319" errors="0" timestamp="2024-03-28T11:11:47 EDT" skipped="0">
  <testcase classname="com.dsportalapp.dsalgo.testRunner.testRunnerTestNG$TestNGTestRunner" name="runScenario" time="0.193"/>
  <testcase classname="com.dsportalapp.dsalgo.testRunner.testRunnerTestNG$TestNGTestRunner" name="runScenario" time="0.014"/>
  <testcase classname="com.dsportalapp.dsalgo.testRunner.testRunnerTestNG$TestNGTestRunner" name="runScenario" time="0.021"/>
  <testcase classname="com.dsportalapp.dsalgo.testRunner.testRunnerTestNG$TestNGTestRunner" name="runScenario" time="0.022"/>
  <testcase classname="com.dsportalapp.dsalgo.testRunner.testRunnerTestNG$TestNGTestRunner" name="runScenario" time="0.018"/>
  <testcase classname="com.dsportalapp.dsalgo.testRunner.testRunnerTestNG$TestNGTestRunner" name="runScenario" time="0.012"/>
  <testcase classname="com.dsportalapp.dsalgo.testRunner.testRunnerTestNG$TestNGTestRunner" name="runScenario" time="0.019"/>
  <testcase classname="com.dsportalapp.dsalgo.testRunner.testRunnerTestNG$TestNGTestRunner" name="runScenario" time="0.020"/>
</testsuite> <!-- com.dsportalapp.dsalgo.testRunner.testRunnerTestNG$TestNGTestRunner -->
