<?xml version="1.0" encoding="UTF-8"?>
<!-- Generated by org.testng.reporters.JUnitReportReporter -->
<testsuite hostname="Saumitras-MacBook-Air.local" failures="0" tests="1" name="com.dsportalapp.dsalgo.testRunner.testRunnerTestNG$TestNGTestRunner" time="1.704" errors="1" timestamp="2024-04-02T07:39:37 EDT" skipped="0">
  <testcase classname="com.dsportalapp.dsalgo.testRunner.testRunnerTestNG$TestNGTestRunner" name="runScenario" time="1.704">
    <error message="Cannot invoke &quot;org.openqa.selenium.WebDriver.get(String)&quot; because &quot;this.driver&quot; is null" type="java.lang.NullPointerException">
      <![CDATA[java.lang.NullPointerException: Cannot invoke "org.openqa.selenium.WebDriver.get(String)" because "this.driver" is null
at com.dsportalapp.dsalgo.POM.LoginPageObjects.isOnSignInPage(LoginPageObjects.java:45)
at com.dsportalapp.dsalgo.stepDefinition.LoginPageStepDefinition.the_user_is_on_ds_algo_sign_in_page(LoginPageStepDefinition.java:60)
at âœ½.The user is on DS Algo Sign in Page(file:///Users/saumdas/git/dsalgo/dsalgo/src/test/resources/features/LoginPage.feature:14)
]]>
    </error>
  </testcase> <!-- runScenario -->
</testsuite> <!-- com.dsportalapp.dsalgo.testRunner.testRunnerTestNG$TestNGTestRunner -->
