<?xml version="1.0" encoding="UTF-8"?>
<!-- Generated by org.testng.reporters.JUnitReportReporter -->
<testsuite hostname="Sudha" failures="0" tests="1" name="com.dsportalapp.dsalgo.testRunner.testRunnerTestNG$TestNGTestRunner" time="2.984" errors="0" timestamp="2024-03-21T11:05:11 EDT" skipped="0">
  <testcase classname="com.dsportalapp.dsalgo.testRunner.testRunnerTestNG$TestNGTestRunner" name="runScenario" time="2.984"/>
</testsuite> <!-- com.dsportalapp.dsalgo.testRunner.testRunnerTestNG$TestNGTestRunner -->
