<?xml version="1.0" encoding="UTF-8"?>
<!-- Generated by org.testng.reporters.JUnitReportReporter -->
<testsuite hostname="Saumitras-MacBook-Air.local" failures="0" tests="7" name="com.dsportalapp.dsalgo.testRunner.testRunnerTestNG$TestNGTestRunner" time="14.152" errors="0" timestamp="2024-04-02T14:01:12 EDT" skipped="0">
  <testcase classname="com.dsportalapp.dsalgo.testRunner.testRunnerTestNG$TestNGTestRunner" name="runScenario" time="2.114"/>
  <testcase classname="com.dsportalapp.dsalgo.testRunner.testRunnerTestNG$TestNGTestRunner" name="runScenario" time="2.057"/>
  <testcase classname="com.dsportalapp.dsalgo.testRunner.testRunnerTestNG$TestNGTestRunner" name="runScenario" time="1.888"/>
  <testcase classname="com.dsportalapp.dsalgo.testRunner.testRunnerTestNG$TestNGTestRunner" name="runScenario" time="2.191"/>
  <testcase classname="com.dsportalapp.dsalgo.testRunner.testRunnerTestNG$TestNGTestRunner" name="runScenario" time="1.960"/>
  <testcase classname="com.dsportalapp.dsalgo.testRunner.testRunnerTestNG$TestNGTestRunner" name="runScenario" time="2.072"/>
  <testcase classname="com.dsportalapp.dsalgo.testRunner.testRunnerTestNG$TestNGTestRunner" name="runScenario" time="1.870"/>
</testsuite> <!-- com.dsportalapp.dsalgo.testRunner.testRunnerTestNG$TestNGTestRunner -->
